<?xml version="1.0" encoding="UTF-8"?>
<!-- Generated by org.testng.reporters.JUnitReportReporter -->
<testsuite hostname="LAPTOP-VIHMIEC4" name="imdb.ExecutionSuite.GetTopMovies_ExecutionSuite" tests="1" failures="0" timestamp="22 Aug 2017 10:25:33 GMT" time="59.478" errors="0">
  <testcase name="TC_GetTopMovies" time="59.478" classname="imdb.ExecutionSuite.GetTopMovies_ExecutionSuite"/>
</testsuite> <!-- imdb.ExecutionSuite.GetTopMovies_ExecutionSuite -->
